sudo so-elastalert-test -o '--alert' -r /etc/elastalert/rules/thehive.yaml
Didn't get any results.
1 rules loaded
INFO:apscheduler.scheduler:Adding job tentatively -- it will be properly scheduled when the scheduler starts
INFO:elastalert:Queried rule TheHive - New IDS Alert! from 2020-01-19 00:48 UTC to 2020-01-19 00:58 UTC: 275 / 275 hits
INFO:elastalert:Queried rule TheHive - New IDS Alert! from 2020-01-19 00:58 UTC to 2020-01-19 00:58 UTC: 0 / 0 hits
ERROR:root:Traceback (most recent call last):
  File "/usr/local/lib/python3.6/site-packages/urllib3-1.25.6-py3.6.egg/urllib3/connection.py", line 157, in _new_conn
    (self._dns_host, self.port), self.timeout, **extra_kw
  File "/usr/local/lib/python3.6/site-packages/urllib3-1.25.6-py3.6.egg/urllib3/util/connection.py", line 84, in create_connection
    raise err
  File "/usr/local/lib/python3.6/site-packages/urllib3-1.25.6-py3.6.egg/urllib3/util/connection.py", line 74, in create_connection
    sock.connect(sa)
ConnectionRefusedError: [Errno 111] Connection refused

During handling of the above exception, another exception occurred:

Traceback (most recent call last):
  File "/usr/local/lib/python3.6/site-packages/urllib3-1.25.6-py3.6.egg/urllib3/connectionpool.py", line 672, in urlopen
    chunked=chunked,
  File "/usr/local/lib/python3.6/site-packages/urllib3-1.25.6-py3.6.egg/urllib3/connectionpool.py", line 387, in _make_request
    conn.request(method, url, **httplib_request_kw)
  File "/usr/lib64/python3.6/http/client.py", line 1254, in request
    self._send_request(method, url, body, headers, encode_chunked)
  File "/usr/lib64/python3.6/http/client.py", line 1300, in _send_request
    self.endheaders(body, encode_chunked=encode_chunked)
  File "/usr/lib64/python3.6/http/client.py", line 1249, in endheaders
    self._send_output(message_body, encode_chunked=encode_chunked)
  File "/usr/lib64/python3.6/http/client.py", line 1036, in _send_output
    self.send(msg)
  File "/usr/lib64/python3.6/http/client.py", line 974, in send
    self.connect()
  File "/usr/local/lib/python3.6/site-packages/urllib3-1.25.6-py3.6.egg/urllib3/connection.py", line 184, in connect
    conn = self._new_conn()
  File "/usr/local/lib/python3.6/site-packages/urllib3-1.25.6-py3.6.egg/urllib3/connection.py", line 169, in _new_conn
    self, "Failed to establish a new connection: %s" % e
urllib3.exceptions.NewConnectionError: <urllib3.connection.HTTPConnection object at 0x7fac8b170710>: Failed to establish a new connection: [Errno 111] Connection refused

During handling of the above exception, another exception occurred:

Traceback (most recent call last):
  File "/usr/local/lib/python3.6/site-packages/requests-2.22.0-py3.6.egg/requests/adapters.py", line 449, in send
    timeout=timeout
  File "/usr/local/lib/python3.6/site-packages/urllib3-1.25.6-py3.6.egg/urllib3/connectionpool.py", line 720, in urlopen
    method, url, error=e, _pool=self, _stacktrace=sys.exc_info()[2]
  File "/usr/local/lib/python3.6/site-packages/urllib3-1.25.6-py3.6.egg/urllib3/util/retry.py", line 436, in increment
    raise MaxRetryError(_pool, url, error or ResponseError(cause))
urllib3.exceptions.MaxRetryError: HTTPConnectionPool(host='127.0.0.1', port=9000): Max retries exceeded with url: /api/alert (Caused by NewConnectionError('<urllib3.connection.HTTPConnection object at 0x7fac8b170710>: Failed to establish a new connection: [Errno 111] Connection refused',))

During handling of the above exception, another exception occurred:

Traceback (most recent call last):
  File "/usr/local/lib/python3.6/site-packages/thehive4py-1.6.0-py3.6.egg/thehive4py/api.py", line 420, in create_alert
    return requests.post(req, headers={'Content-Type': 'application/json'}, data=data, proxies=self.proxies, auth=self.auth, verify=self.cert)
  File "/usr/local/lib/python3.6/site-packages/requests-2.22.0-py3.6.egg/requests/api.py", line 116, in post
    return request('post', url, data=data, json=json, **kwargs)
  File "/usr/local/lib/python3.6/site-packages/requests-2.22.0-py3.6.egg/requests/api.py", line 60, in request
    return session.request(method=method, url=url, **kwargs)
  File "/usr/local/lib/python3.6/site-packages/requests-2.22.0-py3.6.egg/requests/sessions.py", line 533, in request
    resp = self.send(prep, **send_kwargs)
  File "/usr/local/lib/python3.6/site-packages/requests-2.22.0-py3.6.egg/requests/sessions.py", line 646, in send
    r = adapter.send(request, **kwargs)
  File "/usr/local/lib/python3.6/site-packages/requests-2.22.0-py3.6.egg/requests/adapters.py", line 516, in send
    raise ConnectionError(e, request=request)
requests.exceptions.ConnectionError: HTTPConnectionPool(host='127.0.0.1', port=9000): Max retries exceeded with url: /api/alert (Caused by NewConnectionError('<urllib3.connection.HTTPConnection object at 0x7fac8b170710>: Failed to establish a new connection: [Errno 111] Connection refused',))

During handling of the above exception, another exception occurred:

Traceback (most recent call last):
  File "/usr/local/lib/python3.6/site-packages/elastalert-0.2.1-py3.6.egg/elastalert/elastalert.py", line 1451, in alert
    return self.send_alert(matches, rule, alert_time=alert_time, retried=retried)
  File "/usr/local/lib/python3.6/site-packages/elastalert-0.2.1-py3.6.egg/elastalert/elastalert.py", line 1545, in send_alert
    alert.alert(matches)
  File "/usr/local/lib/python3.6/site-packages/elastalert-0.2.1-py3.6.egg/elastalert/alerts.py", line 2177, in alert
    response = api.create_alert(alert)
  File "/usr/local/lib/python3.6/site-packages/thehive4py-1.6.0-py3.6.egg/thehive4py/api.py", line 422, in create_alert
    raise AlertException("Alert create error: {}".format(e))
thehive4py.exceptions.AlertException: Alert create error: HTTPConnectionPool(host='127.0.0.1', port=9000): Max retries exceeded with url: /api/alert (Caused by NewConnectionError('<urllib3.connection.HTTPConnection object at 0x7fac8b170710>: Failed to establish a new connection: [Errno 111] Connection refused',))

ERROR:root:Uncaught exception running rule TheHive - New IDS Alert!: Alert create error: HTTPConnectionPool(host='127.0.0.1', port=9000): Max retries exceeded with url: /api/alert (Caused by NewConnectionError('<urllib3.connection.HTTPConnection object at 0x7fac8b170710>: Failed to establish a new connection: [Errno 111] Connection refused',))
INFO:elastalert:Ignoring match for silenced rule TheHive - New IDS Alert!
INFO:elastalert:Ignoring match for silenced rule TheHive - New IDS Alert!
INFO:elastalert:Ignoring match for silenced rule TheHive - New IDS Alert!
INFO:elastalert:Ignoring match for silenced rule TheHive - New IDS Alert!
INFO:elastalert:Ignoring match for silenced rule TheHive - New IDS Alert!
INFO:elastalert:Ignoring match for silenced rule TheHive - New IDS Alert!
INFO:elastalert:Ignoring match for silenced rule TheHive - New IDS Alert!
INFO:elastalert:Ignoring match for silenced rule TheHive - New IDS Alert!
INFO:elastalert:Ignoring match for silenced rule TheHive - New IDS Alert!
INFO:elastalert:Ignoring match for silenced rule TheHive - New IDS Alert!
INFO:elastalert:Ignoring match for silenced rule TheHive - New IDS Alert!
INFO:elastalert:Ignoring match for silenced rule TheHive - New IDS Alert!
INFO:elastalert:Ignoring match for silenced rule TheHive - New IDS Alert!
INFO:elastalert:Ignoring match for silenced rule TheHive - New IDS Alert!
INFO:elastalert:Ignoring match for silenced rule TheHive - New IDS Alert!
INFO:elastalert:Ignoring match for silenced rule TheHive - New IDS Alert!
INFO:elastalert:Ignoring match for silenced rule TheHive - New IDS Alert!
INFO:elastalert:Ignoring match for silenced rule TheHive - New IDS Alert!
INFO:elastalert:Ignoring match for silenced rule TheHive - New IDS Alert!
INFO:elastalert:Ignoring match for silenced rule TheHive - New IDS Alert!
INFO:elastalert:Ignoring match for silenced rule TheHive - New IDS Alert!
INFO:elastalert:Ignoring match for silenced rule TheHive - New IDS Alert!
INFO:elastalert:Ignoring match for silenced rule TheHive - New IDS Alert!
INFO:elastalert:Ignoring match for silenced rule TheHive - New IDS Alert!
INFO:elastalert:Ignoring match for silenced rule TheHive - New IDS Alert!
INFO:elastalert:Ignoring match for silenced rule TheHive - New IDS Alert!
INFO:elastalert:Ignoring match for silenced rule TheHive - New IDS Alert!
INFO:elastalert:Ignoring match for silenced rule TheHive - New IDS Alert!
INFO:elastalert:Ignoring match for silenced rule TheHive - New IDS Alert!
INFO:elastalert:Ignoring match for silenced rule TheHive - New IDS Alert!
INFO:elastalert:Ignoring match for silenced rule TheHive - New IDS Alert!
INFO:elastalert:Ignoring match for silenced rule TheHive - New IDS Alert!
INFO:elastalert:Ignoring match for silenced rule TheHive - New IDS Alert!
INFO:elastalert:Ignoring match for silenced rule TheHive - New IDS Alert!
INFO:elastalert:Ignoring match for silenced rule TheHive - New IDS Alert!
INFO:elastalert:Ignoring match for silenced rule TheHive - New IDS Alert!
INFO:elastalert:Ignoring match for silenced rule TheHive - New IDS Alert!
INFO:elastalert:Ignoring match for silenced rule TheHive - New IDS Alert!
INFO:elastalert:Ignoring match for silenced rule TheHive - New IDS Alert!
INFO:elastalert:Ignoring match for silenced rule TheHive - New IDS Alert!
INFO:elastalert:Ignoring match for silenced rule TheHive - New IDS Alert!
INFO:elastalert:Ignoring match for silenced rule TheHive - New IDS Alert!
INFO:elastalert:Ignoring match for silenced rule TheHive - New IDS Alert!
INFO:elastalert:Ignoring match for silenced rule TheHive - New IDS Alert!
INFO:elastalert:Ignoring match for silenced rule TheHive - New IDS Alert!
INFO:elastalert:Ignoring match for silenced rule TheHive - New IDS Alert!
INFO:elastalert:Ignoring match for silenced rule TheHive - New IDS Alert!
INFO:elastalert:Ignoring match for silenced rule TheHive - New IDS Alert!
INFO:elastalert:Ignoring match for silenced rule TheHive - New IDS Alert!
INFO:elastalert:Ignoring match for silenced rule TheHive - New IDS Alert!
INFO:elastalert:Ignoring match for silenced rule TheHive - New IDS Alert!
INFO:elastalert:Ignoring match for silenced rule TheHive - New IDS Alert!
INFO:elastalert:Ignoring match for silenced rule TheHive - New IDS Alert!
INFO:elastalert:Ignoring match for silenced rule TheHive - New IDS Alert!
INFO:elastalert:Ignoring match for silenced rule TheHive - New IDS Alert!
INFO:elastalert:Ignoring match for silenced rule TheHive - New IDS Alert!
INFO:elastalert:Ignoring match for silenced rule TheHive - New IDS Alert!
INFO:elastalert:Ignoring match for silenced rule TheHive - New IDS Alert!
INFO:elastalert:Ignoring match for silenced rule TheHive - New IDS Alert!
INFO:elastalert:Ignoring match for silenced rule TheHive - New IDS Alert!
INFO:elastalert:Ignoring match for silenced rule TheHive - New IDS Alert!
INFO:elastalert:Ignoring match for silenced rule TheHive - New IDS Alert!
INFO:elastalert:Ignoring match for silenced rule TheHive - New IDS Alert!
INFO:elastalert:Ignoring match for silenced rule TheHive - New IDS Alert!
INFO:elastalert:Ignoring match for silenced rule TheHive - New IDS Alert!
INFO:elastalert:Ignoring match for silenced rule TheHive - New IDS Alert!
INFO:elastalert:Ignoring match for silenced rule TheHive - New IDS Alert!
INFO:elastalert:Ignoring match for silenced rule TheHive - New IDS Alert!
INFO:elastalert:Ignoring match for silenced rule TheHive - New IDS Alert!
INFO:elastalert:Ignoring match for silenced rule TheHive - New IDS Alert!
INFO:elastalert:Ignoring match for silenced rule TheHive - New IDS Alert!
INFO:elastalert:Ignoring match for silenced rule TheHive - New IDS Alert!
INFO:elastalert:Ignoring match for silenced rule TheHive - New IDS Alert!
INFO:elastalert:Ignoring match for silenced rule TheHive - New IDS Alert!
INFO:elastalert:Ignoring match for silenced rule TheHive - New IDS Alert!
INFO:elastalert:Ignoring match for silenced rule TheHive - New IDS Alert!
INFO:elastalert:Ignoring match for silenced rule TheHive - New IDS Alert!
INFO:elastalert:Ignoring match for silenced rule TheHive - New IDS Alert!
INFO:elastalert:Ignoring match for silenced rule TheHive - New IDS Alert!
INFO:elastalert:Ignoring match for silenced rule TheHive - New IDS Alert!
INFO:elastalert:Ignoring match for silenced rule TheHive - New IDS Alert!
INFO:elastalert:Ignoring match for silenced rule TheHive - New IDS Alert!
INFO:elastalert:Ignoring match for silenced rule TheHive - New IDS Alert!
INFO:elastalert:Ignoring match for silenced rule TheHive - New IDS Alert!
INFO:elastalert:Ignoring match for silenced rule TheHive - New IDS Alert!
INFO:elastalert:Ignoring match for silenced rule TheHive - New IDS Alert!
INFO:elastalert:Ignoring match for silenced rule TheHive - New IDS Alert!
INFO:elastalert:Ignoring match for silenced rule TheHive - New IDS Alert!
INFO:elastalert:Ignoring match for silenced rule TheHive - New IDS Alert!
INFO:elastalert:Ignoring match for silenced rule TheHive - New IDS Alert!
INFO:elastalert:Ignoring match for silenced rule TheHive - New IDS Alert!
INFO:elastalert:Ignoring match for silenced rule TheHive - New IDS Alert!
INFO:elastalert:Ignoring match for silenced rule TheHive - New IDS Alert!
INFO:elastalert:Ignoring match for silenced rule TheHive - New IDS Alert!
INFO:elastalert:Ignoring match for silenced rule TheHive - New IDS Alert!
INFO:elastalert:Ignoring match for silenced rule TheHive - New IDS Alert!
INFO:elastalert:Ignoring match for silenced rule TheHive - New IDS Alert!
INFO:elastalert:Ignoring match for silenced rule TheHive - New IDS Alert!
INFO:elastalert:Ignoring match for silenced rule TheHive - New IDS Alert!
INFO:elastalert:Ignoring match for silenced rule TheHive - New IDS Alert!
INFO:elastalert:Ignoring match for silenced rule TheHive - New IDS Alert!
INFO:elastalert:Ignoring match for silenced rule TheHive - New IDS Alert!
INFO:elastalert:Ignoring match for silenced rule TheHive - New IDS Alert!
INFO:elastalert:Ignoring match for silenced rule TheHive - New IDS Alert!
INFO:elastalert:Ignoring match for silenced rule TheHive - New IDS Alert!
INFO:elastalert:Ignoring match for silenced rule TheHive - New IDS Alert!
INFO:elastalert:Ignoring match for silenced rule TheHive - New IDS Alert!
INFO:elastalert:Ignoring match for silenced rule TheHive - New IDS Alert!
INFO:elastalert:Ignoring match for silenced rule TheHive - New IDS Alert!
INFO:elastalert:Ignoring match for silenced rule TheHive - New IDS Alert!
INFO:elastalert:Ignoring match for silenced rule TheHive - New IDS Alert!
INFO:elastalert:Ignoring match for silenced rule TheHive - New IDS Alert!
INFO:elastalert:Ignoring match for silenced rule TheHive - New IDS Alert!
INFO:elastalert:Ignoring match for silenced rule TheHive - New IDS Alert!
INFO:elastalert:Ignoring match for silenced rule TheHive - New IDS Alert!
INFO:elastalert:Ignoring match for silenced rule TheHive - New IDS Alert!
INFO:elastalert:Ignoring match for silenced rule TheHive - New IDS Alert!
INFO:elastalert:Ignoring match for silenced rule TheHive - New IDS Alert!
INFO:elastalert:Ignoring match for silenced rule TheHive - New IDS Alert!
INFO:elastalert:Ignoring match for silenced rule TheHive - New IDS Alert!
INFO:elastalert:Ignoring match for silenced rule TheHive - New IDS Alert!
INFO:elastalert:Ignoring match for silenced rule TheHive - New IDS Alert!
INFO:elastalert:Ignoring match for silenced rule TheHive - New IDS Alert!
INFO:elastalert:Ignoring match for silenced rule TheHive - New IDS Alert!
INFO:elastalert:Ignoring match for silenced rule TheHive - New IDS Alert!
INFO:elastalert:Ignoring match for silenced rule TheHive - New IDS Alert!
INFO:elastalert:Ignoring match for silenced rule TheHive - New IDS Alert!
INFO:elastalert:Ignoring match for silenced rule TheHive - New IDS Alert!
INFO:elastalert:Ignoring match for silenced rule TheHive - New IDS Alert!
INFO:elastalert:Ignoring match for silenced rule TheHive - New IDS Alert!
INFO:elastalert:Ignoring match for silenced rule TheHive - New IDS Alert!
INFO:elastalert:Ignoring match for silenced rule TheHive - New IDS Alert!
INFO:elastalert:Ignoring match for silenced rule TheHive - New IDS Alert!
INFO:elastalert:Ignoring match for silenced rule TheHive - New IDS Alert!
INFO:elastalert:Ignoring match for silenced rule TheHive - New IDS Alert!
INFO:elastalert:Ignoring match for silenced rule TheHive - New IDS Alert!
INFO:elastalert:Ignoring match for silenced rule TheHive - New IDS Alert!
INFO:elastalert:Ignoring match for silenced rule TheHive - New IDS Alert!
INFO:elastalert:Ignoring match for silenced rule TheHive - New IDS Alert!
INFO:elastalert:Ignoring match for silenced rule TheHive - New IDS Alert!
INFO:elastalert:Ignoring match for silenced rule TheHive - New IDS Alert!
INFO:elastalert:Ignoring match for silenced rule TheHive - New IDS Alert!
INFO:elastalert:Ignoring match for silenced rule TheHive - New IDS Alert!
INFO:elastalert:Ignoring match for silenced rule TheHive - New IDS Alert!
INFO:elastalert:Ignoring match for silenced rule TheHive - New IDS Alert!
INFO:elastalert:Ignoring match for silenced rule TheHive - New IDS Alert!
INFO:elastalert:Ignoring match for silenced rule TheHive - New IDS Alert!
INFO:elastalert:Ignoring match for silenced rule TheHive - New IDS Alert!
INFO:elastalert:Ignoring match for silenced rule TheHive - New IDS Alert!
INFO:elastalert:Ignoring match for silenced rule TheHive - New IDS Alert!
INFO:elastalert:Ignoring match for silenced rule TheHive - New IDS Alert!
INFO:elastalert:Ignoring match for silenced rule TheHive - New IDS Alert!
INFO:elastalert:Ignoring match for silenced rule TheHive - New IDS Alert!
INFO:elastalert:Ignoring match for silenced rule TheHive - New IDS Alert!
INFO:elastalert:Ignoring match for silenced rule TheHive - New IDS Alert!
INFO:elastalert:Ignoring match for silenced rule TheHive - New IDS Alert!
INFO:elastalert:Ignoring match for silenced rule TheHive - New IDS Alert!
INFO:elastalert:Ignoring match for silenced rule TheHive - New IDS Alert!
INFO:elastalert:Ignoring match for silenced rule TheHive - New IDS Alert!
INFO:elastalert:Ignoring match for silenced rule TheHive - New IDS Alert!
INFO:elastalert:Ignoring match for silenced rule TheHive - New IDS Alert!
INFO:elastalert:Ignoring match for silenced rule TheHive - New IDS Alert!
INFO:elastalert:Ignoring match for silenced rule TheHive - New IDS Alert!
INFO:elastalert:Ignoring match for silenced rule TheHive - New IDS Alert!
INFO:elastalert:Ignoring match for silenced rule TheHive - New IDS Alert!
INFO:elastalert:Ignoring match for silenced rule TheHive - New IDS Alert!
INFO:elastalert:Ignoring match for silenced rule TheHive - New IDS Alert!
INFO:elastalert:Ignoring match for silenced rule TheHive - New IDS Alert!
INFO:elastalert:Ignoring match for silenced rule TheHive - New IDS Alert!
INFO:elastalert:Ignoring match for silenced rule TheHive - New IDS Alert!
INFO:elastalert:Ignoring match for silenced rule TheHive - New IDS Alert!
INFO:elastalert:Ignoring match for silenced rule TheHive - New IDS Alert!
INFO:elastalert:Ignoring match for silenced rule TheHive - New IDS Alert!
INFO:elastalert:Ignoring match for silenced rule TheHive - New IDS Alert!
INFO:elastalert:Ignoring match for silenced rule TheHive - New IDS Alert!
INFO:elastalert:Ignoring match for silenced rule TheHive - New IDS Alert!
INFO:elastalert:Ignoring match for silenced rule TheHive - New IDS Alert!
INFO:elastalert:Ignoring match for silenced rule TheHive - New IDS Alert!
INFO:elastalert:Ignoring match for silenced rule TheHive - New IDS Alert!
INFO:elastalert:Ignoring match for silenced rule TheHive - New IDS Alert!
INFO:elastalert:Ignoring match for silenced rule TheHive - New IDS Alert!
INFO:elastalert:Ignoring match for silenced rule TheHive - New IDS Alert!
INFO:elastalert:Ignoring match for silenced rule TheHive - New IDS Alert!
INFO:elastalert:Ignoring match for silenced rule TheHive - New IDS Alert!
INFO:elastalert:Ignoring match for silenced rule TheHive - New IDS Alert!
INFO:elastalert:Ignoring match for silenced rule TheHive - New IDS Alert!
INFO:elastalert:Ignoring match for silenced rule TheHive - New IDS Alert!
INFO:elastalert:Ignoring match for silenced rule TheHive - New IDS Alert!
INFO:elastalert:Ignoring match for silenced rule TheHive - New IDS Alert!
INFO:elastalert:Ignoring match for silenced rule TheHive - New IDS Alert!
INFO:elastalert:Ignoring match for silenced rule TheHive - New IDS Alert!
INFO:elastalert:Ignoring match for silenced rule TheHive - New IDS Alert!
INFO:elastalert:Ignoring match for silenced rule TheHive - New IDS Alert!
INFO:elastalert:Ignoring match for silenced rule TheHive - New IDS Alert!
INFO:elastalert:Ignoring match for silenced rule TheHive - New IDS Alert!
INFO:elastalert:Ignoring match for silenced rule TheHive - New IDS Alert!
INFO:elastalert:Ignoring match for silenced rule TheHive - New IDS Alert!
INFO:elastalert:Ignoring match for silenced rule TheHive - New IDS Alert!
INFO:elastalert:Ignoring match for silenced rule TheHive - New IDS Alert!
INFO:elastalert:Ignoring match for silenced rule TheHive - New IDS Alert!
INFO:elastalert:Ignoring match for silenced rule TheHive - New IDS Alert!
INFO:elastalert:Ignoring match for silenced rule TheHive - New IDS Alert!
INFO:elastalert:Ignoring match for silenced rule TheHive - New IDS Alert!
INFO:elastalert:Ignoring match for silenced rule TheHive - New IDS Alert!
INFO:elastalert:Ignoring match for silenced rule TheHive - New IDS Alert!
INFO:elastalert:Ignoring match for silenced rule TheHive - New IDS Alert!
INFO:elastalert:Ignoring match for silenced rule TheHive - New IDS Alert!
INFO:elastalert:Ignoring match for silenced rule TheHive - New IDS Alert!
INFO:elastalert:Ignoring match for silenced rule TheHive - New IDS Alert!
INFO:elastalert:Ignoring match for silenced rule TheHive - New IDS Alert!
INFO:elastalert:Ignoring match for silenced rule TheHive - New IDS Alert!
INFO:elastalert:Ignoring match for silenced rule TheHive - New IDS Alert!
INFO:elastalert:Ignoring match for silenced rule TheHive - New IDS Alert!
INFO:elastalert:Ignoring match for silenced rule TheHive - New IDS Alert!
INFO:elastalert:Ignoring match for silenced rule TheHive - New IDS Alert!
INFO:elastalert:Ignoring match for silenced rule TheHive - New IDS Alert!
INFO:elastalert:Ignoring match for silenced rule TheHive - New IDS Alert!
INFO:elastalert:Ignoring match for silenced rule TheHive - New IDS Alert!
INFO:elastalert:Ignoring match for silenced rule TheHive - New IDS Alert!
INFO:elastalert:Ignoring match for silenced rule TheHive - New IDS Alert!
INFO:elastalert:Ignoring match for silenced rule TheHive - New IDS Alert!
INFO:elastalert:Ignoring match for silenced rule TheHive - New IDS Alert!
INFO:elastalert:Ignoring match for silenced rule TheHive - New IDS Alert!
INFO:elastalert:Ignoring match for silenced rule TheHive - New IDS Alert!
INFO:elastalert:Ignoring match for silenced rule TheHive - New IDS Alert!
INFO:elastalert:Ignoring match for silenced rule TheHive - New IDS Alert!
INFO:elastalert:Ignoring match for silenced rule TheHive - New IDS Alert!
INFO:elastalert:Ignoring match for silenced rule TheHive - New IDS Alert!
INFO:elastalert:Ignoring match for silenced rule TheHive - New IDS Alert!
INFO:elastalert:Ignoring match for silenced rule TheHive - New IDS Alert!
INFO:elastalert:Ignoring match for silenced rule TheHive - New IDS Alert!
INFO:elastalert:Ignoring match for silenced rule TheHive - New IDS Alert!
INFO:elastalert:Ignoring match for silenced rule TheHive - New IDS Alert!
INFO:elastalert:Ignoring match for silenced rule TheHive - New IDS Alert!
INFO:elastalert:Ignoring match for silenced rule TheHive - New IDS Alert!
INFO:elastalert:Ignoring match for silenced rule TheHive - New IDS Alert!
INFO:elastalert:Ignoring match for silenced rule TheHive - New IDS Alert!
INFO:elastalert:Ignoring match for silenced rule TheHive - New IDS Alert!
INFO:elastalert:Ignoring match for silenced rule TheHive - New IDS Alert!
INFO:elastalert:Ignoring match for silenced rule TheHive - New IDS Alert!
INFO:elastalert:Ignoring match for silenced rule TheHive - New IDS Alert!
INFO:elastalert:Ignoring match for silenced rule TheHive - New IDS Alert!
INFO:elastalert:Ignoring match for silenced rule TheHive - New IDS Alert!
INFO:elastalert:Ignoring match for silenced rule TheHive - New IDS Alert!
INFO:elastalert:Ignoring match for silenced rule TheHive - New IDS Alert!
INFO:elastalert:Ignoring match for silenced rule TheHive - New IDS Alert!
INFO:elastalert:Ignoring match for silenced rule TheHive - New IDS Alert!
INFO:elastalert:Ignoring match for silenced rule TheHive - New IDS Alert!
INFO:elastalert:Ignoring match for silenced rule TheHive - New IDS Alert!
INFO:elastalert:Ignoring match for silenced rule TheHive - New IDS Alert!
INFO:elastalert:Ignoring match for silenced rule TheHive - New IDS Alert!
INFO:elastalert:Ignoring match for silenced rule TheHive - New IDS Alert!
INFO:elastalert:Ignoring match for silenced rule TheHive - New IDS Alert!
INFO:elastalert:Ignoring match for silenced rule TheHive - New IDS Alert!
INFO:elastalert:Ignoring match for silenced rule TheHive - New IDS Alert!
INFO:elastalert:Ignoring match for silenced rule TheHive - New IDS Alert!
INFO:elastalert:Ignoring match for silenced rule TheHive - New IDS Alert!
INFO:elastalert:Ignoring match for silenced rule TheHive - New IDS Alert!
INFO:elastalert:Ignoring match for silenced rule TheHive - New IDS Alert!
INFO:elastalert:Ignoring match for silenced rule TheHive - New IDS Alert!
INFO:elastalert:Ignoring match for silenced rule TheHive - New IDS Alert!
INFO:elastalert:Ignoring match for silenced rule TheHive - New IDS Alert!
INFO:elastalert:Ignoring match for silenced rule TheHive - New IDS Alert!
INFO:elastalert:Ignoring match for silenced rule TheHive - New IDS Alert!
INFO:elastalert:Ignoring match for silenced rule TheHive - New IDS Alert!
INFO:elastalert:Ignoring match for silenced rule TheHive - New IDS Alert!
INFO:elastalert:Ignoring match for silenced rule TheHive - New IDS Alert!
INFO:elastalert:Ignoring match for silenced rule TheHive - New IDS Alert!
INFO:elastalert:Ignoring match for silenced rule TheHive - New IDS Alert!
INFO:elastalert:Ignoring match for silenced rule TheHive - New IDS Alert!
INFO:elastalert:Ignoring match for silenced rule TheHive - New IDS Alert!
INFO:elastalert:Ignoring match for silenced rule TheHive - New IDS Alert!
INFO:elastalert:Ignoring match for silenced rule TheHive - New IDS Alert!
INFO:elastalert:Ignoring match for silenced rule TheHive - New IDS Alert!

Would have written the following documents to writeback index (default is elastalert_status):

silence - {'exponent': 0, 'rule_name': 'TheHive - New IDS Alert!', '@timestamp': datetime.datetime(2020, 1, 19, 0, 58, 39, 585144, tzinfo=tzutc()), 'until': datetime.datetime(2020, 1, 19, 0, 59, 39, 585131, tzinfo=tzutc())}

elastalert_error - {'message': "Uncaught exception running rule TheHive - New IDS Alert!: Alert create error: HTTPConnectionPool(host='127.0.0.1', port=9000): Max retries exceeded with url: /api/alert (Caused by NewConnectionError('<urllib3.connection.HTTPConnection object at 0x7fac8b170710>: Failed to establish a new connection: [Errno 111] Connection refused',))", 'traceback': ['Traceback (most recent call last):', '  File "/usr/local/lib/python3.6/site-packages/urllib3-1.25.6-py3.6.egg/urllib3/connection.py", line 157, in _new_conn', '    (self._dns_host, self.port), self.timeout, **extra_kw', '  File "/usr/local/lib/python3.6/site-packages/urllib3-1.25.6-py3.6.egg/urllib3/util/connection.py", line 84, in create_connection', '    raise err', '  File "/usr/local/lib/python3.6/site-packages/urllib3-1.25.6-py3.6.egg/urllib3/util/connection.py", line 74, in create_connection', '    sock.connect(sa)', 'ConnectionRefusedError: [Errno 111] Connection refused', '', 'During handling of the above exception, another exception occurred:', '', 'Traceback (most recent call last):', '  File "/usr/local/lib/python3.6/site-packages/urllib3-1.25.6-py3.6.egg/urllib3/connectionpool.py", line 672, in urlopen', '    chunked=chunked,', '  File "/usr/local/lib/python3.6/site-packages/urllib3-1.25.6-py3.6.egg/urllib3/connectionpool.py", line 387, in _make_request', '    conn.request(method, url, **httplib_request_kw)', '  File "/usr/lib64/python3.6/http/client.py", line 1254, in request', '    self._send_request(method, url, body, headers, encode_chunked)', '  File "/usr/lib64/python3.6/http/client.py", line 1300, in _send_request', '    self.endheaders(body, encode_chunked=encode_chunked)', '  File "/usr/lib64/python3.6/http/client.py", line 1249, in endheaders', '    self._send_output(message_body, encode_chunked=encode_chunked)', '  File "/usr/lib64/python3.6/http/client.py", line 1036, in _send_output', '    self.send(msg)', '  File "/usr/lib64/python3.6/http/client.py", line 974, in send', '    self.connect()', '  File "/usr/local/lib/python3.6/site-packages/urllib3-1.25.6-py3.6.egg/urllib3/connection.py", line 184, in connect', '    conn = self._new_conn()', '  File "/usr/local/lib/python3.6/site-packages/urllib3-1.25.6-py3.6.egg/urllib3/connection.py", line 169, in _new_conn', '    self, "Failed to establish a new connection: %s" % e', 'urllib3.exceptions.NewConnectionError: <urllib3.connection.HTTPConnection object at 0x7fac8b170710>: Failed to establish a new connection: [Errno 111] Connection refused', '', 'During handling of the above exception, another exception occurred:', '', 'Traceback (most recent call last):', '  File "/usr/local/lib/python3.6/site-packages/requests-2.22.0-py3.6.egg/requests/adapters.py", line 449, in send', '    timeout=timeout', '  File "/usr/local/lib/python3.6/site-packages/urllib3-1.25.6-py3.6.egg/urllib3/connectionpool.py", line 720, in urlopen', '    method, url, error=e, _pool=self, _stacktrace=sys.exc_info()[2]', '  File "/usr/local/lib/python3.6/site-packages/urllib3-1.25.6-py3.6.egg/urllib3/util/retry.py", line 436, in increment', '    raise MaxRetryError(_pool, url, error or ResponseError(cause))', "urllib3.exceptions.MaxRetryError: HTTPConnectionPool(host='127.0.0.1', port=9000): Max retries exceeded with url: /api/alert (Caused by NewConnectionError('<urllib3.connection.HTTPConnection object at 0x7fac8b170710>: Failed to establish a new connection: [Errno 111] Connection refused',))", '', 'During handling of the above exception, another exception occurred:', '', 'Traceback (most recent call last):', '  File "/usr/local/lib/python3.6/site-packages/thehive4py-1.6.0-py3.6.egg/thehive4py/api.py", line 420, in create_alert', "    return requests.post(req, headers={'Content-Type': 'application/json'}, data=data, proxies=self.proxies, auth=self.auth, verify=self.cert)", '  File "/usr/local/lib/python3.6/site-packages/requests-2.22.0-py3.6.egg/requests/api.py", line 116, in post', "    return request('post', url, data=data, json=json, **kwargs)", '  File "/usr/local/lib/python3.6/site-packages/requests-2.22.0-py3.6.egg/requests/api.py", line 60, in request', '    return session.request(method=method, url=url, **kwargs)', '  File "/usr/local/lib/python3.6/site-packages/requests-2.22.0-py3.6.egg/requests/sessions.py", line 533, in request', '    resp = self.send(prep, **send_kwargs)', '  File "/usr/local/lib/python3.6/site-packages/requests-2.22.0-py3.6.egg/requests/sessions.py", line 646, in send', '    r = adapter.send(request, **kwargs)', '  File "/usr/local/lib/python3.6/site-packages/requests-2.22.0-py3.6.egg/requests/adapters.py", line 516, in send', '    raise ConnectionError(e, request=request)', "requests.exceptions.ConnectionError: HTTPConnectionPool(host='127.0.0.1', port=9000): Max retries exceeded with url: /api/alert (Caused by NewConnectionError('<urllib3.connection.HTTPConnection object at 0x7fac8b170710>: Failed to establish a new connection: [Errno 111] Connection refused',))", '', 'During handling of the above exception, another exception occurred:', '', 'Traceback (most recent call last):', '  File "/usr/local/lib/python3.6/site-packages/elastalert-0.2.1-py3.6.egg/elastalert/elastalert.py", line 1451, in alert', '    return self.send_alert(matches, rule, alert_time=alert_time, retried=retried)', '  File "/usr/local/lib/python3.6/site-packages/elastalert-0.2.1-py3.6.egg/elastalert/elastalert.py", line 1545, in send_alert', '    alert.alert(matches)', '  File "/usr/local/lib/python3.6/site-packages/elastalert-0.2.1-py3.6.egg/elastalert/alerts.py", line 2177, in alert', '    response = api.create_alert(alert)', '  File "/usr/local/lib/python3.6/site-packages/thehive4py-1.6.0-py3.6.egg/thehive4py/api.py", line 422, in create_alert', '    raise AlertException("Alert create error: {}".format(e))', "thehive4py.exceptions.AlertException: Alert create error: HTTPConnectionPool(host='127.0.0.1', port=9000): Max retries exceeded with url: /api/alert (Caused by NewConnectionError('<urllib3.connection.HTTPConnection object at 0x7fac8b170710>: Failed to establish a new connection: [Errno 111] Connection refused',))"], 'data': {'rule': 'TheHive - New IDS Alert!'}}

elastalert_status - {'rule_name': 'TheHive - New IDS Alert!', 'endtime': datetime.datetime(2020, 1, 19, 0, 58, 39, 370346, tzinfo=tzutc()), 'starttime': datetime.datetime(2020, 1, 19, 0, 48, 33, 370346, tzinfo=tzutc()), 'matches': 275, 'hits': 275, '@timestamp': datetime.datetime(2020, 1, 19, 0, 58, 39, 713898, tzinfo=tzutc()), 'time_taken': 0.3059816360473633}

Test completed successfully!

